# JRE version: Java(TM) SE Runtime Environment (8.0_172-b11) (build 1.8.0_172-b11)
# Java VM: Java HotSpot(TM) Client VM (25.172-b11 mixed mode windows-x86 )
Heap:
 def new generation   total 24320K, used 1131K [0x04a00000, 0x06460000, 0x09f50000)
  eden space 21632K,   5% used [0x04a00000, 0x04b1ae88, 0x05f20000)
  from space 2688K,   0% used [0x05f20000, 0x05f20000, 0x061c0000)
  to   space 2688K,   0% used [0x061c0000, 0x061c0000, 0x06460000)
 tenured generation   total 53916K, used 32347K [0x09f50000, 0x0d3f7000, 0x14a00000)
   the space 53916K,  59% used [0x09f50000, 0x0bee6f70, 0x0bee7000, 0x0d3f7000)
 Metaspace       used 10657K, capacity 10863K, committed 11008K, reserved 11648K
GC Heap History (10 events):
Event: 40.980 GC heap before
{Heap before GC invocations=13 (full 2):
 def new generation   total 14976K, used 14547K [0x04a00000, 0x05a30000, 0x09f50000)
  eden space 13376K,  96% used [0x04a00000, 0x056a4ee8, 0x05710000)
  from space 1600K, 100% used [0x05710000, 0x058a0000, 0x058a0000)
  to   space 1600K,   0% used [0x058a0000, 0x058a0000, 0x05a30000)
 tenured generation   total 33128K, used 27877K [0x09f50000, 0x0bfaa000, 0x14a00000)
   the space 33128K,  84% used [0x09f50000, 0x0ba89780, 0x0ba89800, 0x0bfaa000)
 Metaspace       used 10653K, capacity 10863K, committed 11008K, reserved 11648K
Event: 40.985 GC heap after
Heap after GC invocations=14 (full 2):
 def new generation   total 14976K, used 1136K [0x04a00000, 0x05a30000, 0x09f50000)
  eden space 13376K,   0% used [0x04a00000, 0x04a00000, 0x05710000)
  from space 1600K,  71% used [0x058a0000, 0x059bc348, 0x05a30000)
  to   space 1600K,   0% used [0x05710000, 0x05710000, 0x058a0000)
 tenured generation   total 33128K, used 28657K [0x09f50000, 0x0bfaa000, 0x14a00000)
   the space 33128K,  86% used [0x09f50000, 0x0bb4c438, 0x0bb4c600, 0x0bfaa000)
 Metaspace       used 10653K, capacity 10863K, committed 11008K, reserved 11648K
}
Event: 41.135 GC heap before
{Heap before GC invocations=14 (full 2):
 def new generation   total 14976K, used 14512K [0x04a00000, 0x05a30000, 0x09f50000)
  eden space 13376K, 100% used [0x04a00000, 0x05710000, 0x05710000)
  from space 1600K,  71% used [0x058a0000, 0x059bc348, 0x05a30000)
  to   space 1600K,   0% used [0x05710000, 0x05710000, 0x058a0000)
 tenured generation   total 33128K, used 28657K [0x09f50000, 0x0bfaa000, 0x14a00000)
   the space 33128K,  86% used [0x09f50000, 0x0bb4c438, 0x0bb4c600, 0x0bfaa000)
 Metaspace       used 10653K, capacity 10863K, committed 11008K, reserved 11648K
Event: 41.140 GC heap after
Heap after GC invocations=15 (full 2):
 def new generation   total 14976K, used 676K [0x04a00000, 0x05a30000, 0x09f50000)
  eden space 13376K,   0% used [0x04a00000, 0x04a00000, 0x05710000)
  from space 1600K,  42% used [0x05710000, 0x057b9220, 0x058a0000)
  to   space 1600K,   0% used [0x058a0000, 0x058a0000, 0x05a30000)
 tenured generation   total 33128K, used 30489K [0x09f50000, 0x0bfaa000, 0x14a00000)
   the space 33128K,  92% used [0x09f50000, 0x0bd16718, 0x0bd16800, 0x0bfaa000)
 Metaspace       used 10653K, capacity 10863K, committed 11008K, reserved 11648K
}
Event: 41.323 GC heap before
{Heap before GC invocations=15 (full 2):
 def new generation   total 14976K, used 14052K [0x04a00000, 0x05a30000, 0x09f50000)
  eden space 13376K, 100% used [0x04a00000, 0x05710000, 0x05710000)
  from space 1600K,  42% used [0x05710000, 0x057b9220, 0x058a0000)
  to   space 1600K,   0% used [0x058a0000, 0x058a0000, 0x05a30000)
 tenured generation   total 33128K, used 30489K [0x09f50000, 0x0bfaa000, 0x14a00000)
   the space 33128K,  92% used [0x09f50000, 0x0bd16718, 0x0bd16800, 0x0bfaa000)
 Metaspace       used 10653K, capacity 10863K, committed 11008K, reserved 11648K
Event: 41.327 GC heap after
Heap after GC invocations=16 (full 2):
 def new generation   total 14976K, used 1599K [0x04a00000, 0x05a30000, 0x09f50000)
  eden space 13376K,   0% used [0x04a00000, 0x04a00000, 0x05710000)
  from space 1600K,  99% used [0x058a0000, 0x05a2fff8, 0x05a30000)
  to   space 1600K,   0% used [0x05710000, 0x05710000, 0x058a0000)
 tenured generation   total 33128K, used 30856K [0x09f50000, 0x0bfaa000, 0x14a00000)
   the space 33128K,  93% used [0x09f50000, 0x0bd72020, 0x0bd72200, 0x0bfaa000)
 Metaspace       used 10653K, capacity 10863K, committed 11008K, reserved 11648K
}
Event: 41.540 GC heap before
{Heap before GC invocations=16 (full 2):
 def new generation   total 14976K, used 14975K [0x04a00000, 0x05a30000, 0x09f50000)
  eden space 13376K, 100% used [0x04a00000, 0x05710000, 0x05710000)
  from space 1600K,  99% used [0x058a0000, 0x05a2fff8, 0x05a30000)
  to   space 1600K,   0% used [0x05710000, 0x05710000, 0x058a0000)
 tenured generation   total 33128K, used 30856K [0x09f50000, 0x0bfaa000, 0x14a00000)
   the space 33128K,  93% used [0x09f50000, 0x0bd72020, 0x0bd72200, 0x0bfaa000)
 Metaspace       used 10654K, capacity 10863K, committed 11008K, reserved 11648K
Event: 41.544 GC heap after
Heap after GC invocations=17 (full 2):
 def new generation   total 14976K, used 1439K [0x04a00000, 0x05a30000, 0x09f50000)
  eden space 13376K,   0% used [0x04a00000, 0x04a00000, 0x05710000)
  from space 1600K,  89% used [0x05710000, 0x05877e98, 0x058a0000)
  to   space 1600K,   0% used [0x058a0000, 0x058a0000, 0x05a30000)
 tenured generation   total 33128K, used 32210K [0x09f50000, 0x0bfaa000, 0x14a00000)
   the space 33128K,  97% used [0x09f50000, 0x0bec4bf8, 0x0bec4c00, 0x0bfaa000)
 Metaspace       used 10654K, capacity 10863K, committed 11008K, reserved 11648K
}
Event: 41.594 GC heap before
{Heap before GC invocations=17 (full 2):
 def new generation   total 14976K, used 4311K [0x04a00000, 0x05a30000, 0x09f50000)
  eden space 13376K,  21% used [0x04a00000, 0x04cce080, 0x05710000)
  from space 1600K,  89% used [0x05710000, 0x05877e98, 0x058a0000)
  to   space 1600K,   0% used [0x058a0000, 0x058a0000, 0x05a30000)
 tenured generation   total 33128K, used 32210K [0x09f50000, 0x0bfaa000, 0x14a00000)
   the space 33128K,  97% used [0x09f50000, 0x0bec4bf8, 0x0bec4c00, 0x0bfaa000)
 Metaspace       used 10654K, capacity 10863K, committed 11008K, reserved 11648K
Event: 41.635 GC heap after
Heap after GC invocations=18 (full 3):
 def new generation   total 24320K, used 0K [0x04a00000, 0x06460000, 0x09f50000)
  eden space 21632K,   0% used [0x04a00000, 0x04a00000, 0x05f20000)
  from space 2688K,   0% used [0x05f20000, 0x05f20000, 0x061c0000)
  to   space 2688K,   0% used [0x061c0000, 0x061c0000, 0x06460000)
 tenured generation   total 53916K, used 32347K [0x09f50000, 0x0d3f7000, 0x14a00000)
   the space 53916K,  59% used [0x09f50000, 0x0bee6f70, 0x0bee7000, 0x0d3f7000)
 Metaspace       used 10654K, capacity 10863K, committed 11008K, reserved 11648K
}

